[17:57:15] [ServerMain/INFO]: Environment: authHost='https://authserver.mojang.com', accountsHost='https://api.mojang.com', sessionHost='https://sessionserver.mojang.com', servicesHost='https://api.minecraftservices.com', name='PROD'
[17:57:16] [ServerMain/INFO]: Loaded 7 recipes
[17:57:16] [ServerMain/INFO]: Loaded 1271 advancements
[17:57:17] [Server thread/INFO]: Starting minecraft server version 1.20.1
[17:57:17] [Server thread/INFO]: Loading properties
[17:57:17] [Server thread/INFO]: Default game type: SURVIVAL
[17:57:17] [Server thread/INFO]: Generating keypair
[17:57:17] [Server thread/INFO]: Starting Minecraft server on *:25565
[17:57:17] [Server thread/INFO]: Using epoll channel type
[17:57:17] [Server thread/WARN]: **** SERVER IS RUNNING IN OFFLINE/INSECURE MODE!
[17:57:17] [Server thread/WARN]: The server will make no attempt to authenticate usernames. Beware.
[17:57:17] [Server thread/WARN]: While this makes the game possible to play without internet access, it also opens up the ability for hackers to connect with any username they choose.
[17:57:17] [Server thread/WARN]: To change this, set "online-mode" to "true" in the server.properties file.
[17:57:17] [Server thread/INFO]: Preparing level "world"
[17:57:23] [Server thread/INFO]: Preparing start region for dimension minecraft:overworld
[17:57:23] [Worker-Main-3/INFO]: Preparing spawn area: 0%
[17:57:23] [Worker-Main-2/INFO]: Preparing spawn area: 0%
[17:57:24] [Worker-Main-2/INFO]: Preparing spawn area: 0%
[17:57:24] [Worker-Main-2/INFO]: Preparing spawn area: 0%
[17:57:25] [Worker-Main-3/INFO]: Preparing spawn area: 0%
[17:57:25] [Worker-Main-2/INFO]: Preparing spawn area: 1%
[17:57:26] [Worker-Main-1/INFO]: Preparing spawn area: 1%
[17:57:26] [Worker-Main-1/INFO]: Preparing spawn area: 2%
[17:57:27] [Worker-Main-1/INFO]: Preparing spawn area: 3%
[17:57:28] [Worker-Main-2/INFO]: Preparing spawn area: 4%
[17:57:28] [Worker-Main-3/INFO]: Preparing spawn area: 4%
[17:57:28] [Worker-Main-2/INFO]: Preparing spawn area: 4%
[17:57:29] [Worker-Main-3/INFO]: Preparing spawn area: 5%
[17:57:29] [Worker-Main-2/INFO]: Preparing spawn area: 7%
[17:57:30] [Worker-Main-3/INFO]: Preparing spawn area: 9%
[17:57:30] [Worker-Main-2/INFO]: Preparing spawn area: 10%
[17:57:31] [Worker-Main-2/INFO]: Preparing spawn area: 13%
[17:57:31] [Worker-Main-3/INFO]: Preparing spawn area: 15%
[17:57:32] [Worker-Main-1/INFO]: Preparing spawn area: 16%
[17:57:32] [Worker-Main-2/INFO]: Preparing spawn area: 18%
[17:57:33] [Worker-Main-2/INFO]: Preparing spawn area: 20%
[17:57:33] [Worker-Main-1/INFO]: Preparing spawn area: 22%
[17:57:34] [Worker-Main-1/INFO]: Preparing spawn area: 24%
[17:57:34] [Worker-Main-2/INFO]: Preparing spawn area: 26%
[17:57:35] [Worker-Main-3/INFO]: Preparing spawn area: 28%
[17:57:35] [Worker-Main-3/INFO]: Preparing spawn area: 31%
[17:57:36] [Worker-Main-2/INFO]: Preparing spawn area: 32%
[17:57:36] [Worker-Main-3/INFO]: Preparing spawn area: 35%
[17:57:37] [Worker-Main-2/INFO]: Preparing spawn area: 38%
[17:57:37] [Worker-Main-3/INFO]: Preparing spawn area: 40%
[17:57:38] [Worker-Main-3/INFO]: Preparing spawn area: 43%
[17:57:38] [Worker-Main-2/INFO]: Preparing spawn area: 44%
[17:57:39] [Worker-Main-3/INFO]: Preparing spawn area: 47%
[17:57:39] [Worker-Main-1/INFO]: Preparing spawn area: 49%
[17:57:40] [Worker-Main-1/INFO]: Preparing spawn area: 51%
[17:57:40] [Worker-Main-1/INFO]: Preparing spawn area: 53%
[17:57:41] [Worker-Main-3/INFO]: Preparing spawn area: 56%
[17:57:41] [Worker-Main-1/INFO]: Preparing spawn area: 59%
[17:57:42] [Worker-Main-3/INFO]: Preparing spawn area: 62%
[17:57:42] [Worker-Main-3/INFO]: Preparing spawn area: 65%
[17:57:43] [Worker-Main-1/INFO]: Preparing spawn area: 68%
[17:57:43] [Worker-Main-2/INFO]: Preparing spawn area: 71%
[17:57:44] [Worker-Main-1/INFO]: Preparing spawn area: 74%
[17:57:44] [Worker-Main-1/INFO]: Preparing spawn area: 77%
[17:57:45] [Worker-Main-3/INFO]: Preparing spawn area: 81%
[17:57:45] [Worker-Main-1/INFO]: Preparing spawn area: 83%
[17:57:46] [Worker-Main-3/INFO]: Preparing spawn area: 85%
[17:57:46] [Worker-Main-1/INFO]: Preparing spawn area: 87%
[17:57:47] [Worker-Main-1/INFO]: Preparing spawn area: 91%
[17:57:47] [Worker-Main-1/INFO]: Preparing spawn area: 93%
[17:57:48] [Worker-Main-2/INFO]: Preparing spawn area: 96%
[17:57:48] [Server thread/INFO]: Time elapsed: 25357 ms
[17:57:48] [Server thread/INFO]: Done (30.762s)! For help, type "help"
[17:58:17] [Server thread/INFO]: ItsMessiX[/127.54.199.65:36873] logged in with entity id 333 at (-2.5, 68.0, -2.5)
[17:58:17] [Server thread/INFO]: ItsMessiX joined the game
[18:00:12] [Server thread/INFO]: ItsMessiX has made the advancement [Stone Age]
[18:00:31] [Server thread/INFO]: ItsMessiX has made the advancement [Getting an Upgrade]
[18:03:22] [Server thread/INFO]: ItsMessiX has made the advancement [Acquire Hardware]
